Please provide the criteria for the printout in the form: 
 nodeid row column direction
   0   1   2   3   4   5   6   7   8   9  10  11
-------------------------------------------------
|   |   |   |   |   |   |   |   |   |   |   |   |0
-------------------------------------------------
|   |   |   |   |   |   |   |   |   |   |   |   |1
-------------------------------------------------
|   |   |   |   |   |   |   |   |   |   |   |   |2
-------------------------------------------------
|   |   |   |   |   |   |   |   |   |   |   |   |3
-------------------------------------------------
|   |   |   |   |   |   |   |   |   |   |   |   |4
-------------------------------------------------
|   |   |   |   |   |   |   |   |   |   |   |   |5
-------------------------------------------------
|   |   |   |   |   |   |  1|  2|  3|  4|  5|  6|6
-------------------------------------------------
|   |   |   |   |   |   |   |   |   |   |   |   |7
-------------------------------------------------
|   |   |   |   |   |   |   |   |   |   |   |   |8
-------------------------------------------------
|   |   |   |   |   |   |   |   |   |   |   |   |9
-------------------------------------------------
|   |   |   |   |   |   |   |   |   |   |   |   |10
-------------------------------------------------
|   |   |   |   |   |   |   |   |   |   |   |   |11
-------------------------------------------------
|   |   |   |   |   |   |   |   |   |   |   |   |12
-------------------------------------------------
|   |   |   |   |   |   |   |   |   |   |   |   |13
-------------------------------------------------
|   |   |   |   |   |   |   |   |   |   |   |   |14
-------------------------------------------------
|   |   |   |   |   |   |   |   |   |   |   |   |15
-------------------------------------------------
|   |   |   |   |   |   |   |   |   |   |   |   |16
-------------------------------------------------
|   |   |   |   |   |   |   |   |   |   |   |   |17
-------------------------------------------------
Please provide the criteria for the printout in the form: 
 nodeid row column direction
   0   1   2   3   4   5   6   7   8   9  10  11
-------------------------------------------------
|   |   |   |   |   |   |   |   |   |   |   |   |0
-------------------------------------------------
|   |   |   |   |   |   |   |   |   |   |   |   |1
-------------------------------------------------
|   |   |   |   |   |   |   |   |   |   |   |   |2
-------------------------------------------------
|   |   |   |   |   |   |   |   |   |   |   |   |3
-------------------------------------------------
|   |   |   |   |   |   |   |   |   |   |   |   |4
-------------------------------------------------
|   |   |   |   |   |   |   |   |   |   |   |   |5
-------------------------------------------------
|   |   |   |   |   |   |   |   |   |   |   |   |6
-------------------------------------------------
|   |   |   |   |   |   |   |   |   |   |   |   |7
-------------------------------------------------
|   |   |   |   |   |   |   |   |   |   |   |   |8
-------------------------------------------------
|   |   |   |   |   |   |   |   |   |   |   |   |9
-------------------------------------------------
|   |   |   |   |   |   |   |   |   |   |   |   |10
-------------------------------------------------
|   |   |   |   |   |   |   |   |   |   |   |   |11
-------------------------------------------------
|   |   |   |   |   |   |   |   |   |   |   |   |12
-------------------------------------------------
|   |   |   |   |   |   |   |   |   |   |   |   |13
-------------------------------------------------
| 20| 19| 18| 17| 16| 15| 14| 13| 12|   |   |   |14
-------------------------------------------------
|   |   |   |   |   |   |   |   |   |   |   |   |15
-------------------------------------------------
|   |   |   |   |   |   |   |   |   |   |   |   |16
-------------------------------------------------
|   |   |   |   |   |   |   |   |   |   |   |   |17
-------------------------------------------------
Please provide the criteria for the printout in the form: 
 nodeid row column direction
   0   1   2   3   4   5   6   7   8   9  10  11
-------------------------------------------------
|   |   |   |   |   |   |   |   |   |   | 56|   |0
-------------------------------------------------
|   |   |   |   |   |   |   |   |   |   | 55|   |1
-------------------------------------------------
|   |   |   |   |   |   |   |   |   |   | 54|   |2
-------------------------------------------------
|   |   |   |   |   |   |   |   |   |   | 53|   |3
-------------------------------------------------
|   |   |   |   |   |   |   |   |   |   |   |   |4
-------------------------------------------------
|   |   |   |   |   |   |   |   |   |   |   |   |5
-------------------------------------------------
|   |   |   |   |   |   |   |   |   |   |   |   |6
-------------------------------------------------
|   |   |   |   |   |   |   |   |   |   |   |   |7
-------------------------------------------------
|   |   |   |   |   |   |   |   |   |   |   |   |8
-------------------------------------------------
|   |   |   |   |   |   |   |   |   |   |   |   |9
-------------------------------------------------
|   |   |   |   |   |   |   |   |   |   |   |   |10
-------------------------------------------------
|   |   |   |   |   |   |   |   |   |   |   |   |11
-------------------------------------------------
|   |   |   |   |   |   |   |   |   |   |   |   |12
-------------------------------------------------
|   |   |   |   |   |   |   |   |   |   |   |   |13
-------------------------------------------------
|   |   |   |   |   |   |   |   |   |   |   |   |14
-------------------------------------------------
|   |   |   |   |   |   |   |   |   |   |   |   |15
-------------------------------------------------
|   |   |   |   |   |   |   |   |   |   |   |   |16
-------------------------------------------------
|   |   |   |   |   |   |   |   |   |   |   |   |17
-------------------------------------------------
Please provide the criteria for the printout in the form: 
 nodeid row column direction
   0   1   2   3   4   5   6   7   8   9  10  11
-------------------------------------------------
|   |   |   |   |   |   |   |   |   |   |   |   |0
-------------------------------------------------
|   |   |   |   |   |   |   |   |   |   |   |   |1
-------------------------------------------------
|   |   |   |   |   |   |   |   |   |   |   |   |2
-------------------------------------------------
|   |   |   |   |   |   |   |   |   |   |   |   |3
-------------------------------------------------
|   |   |   |   |   |   |   |   |   |   |   |   |4
-------------------------------------------------
|   |   |   |   |   |   |   |   |   |   |   |   |5
-------------------------------------------------
|   |   |   |   |   |   |   |   |   |   |   |   |6
-------------------------------------------------
|   |   | 34|   |   |   |   |   |   |   |   |   |7
-------------------------------------------------
|   |   | 35|   |   |   |   |   |   |   |   |   |8
-------------------------------------------------
|   |   | 36|   |   |   |   |   |   |   |   |   |9
-------------------------------------------------
|   |   | 37|   |   |   |   |   |   |   |   |   |10
-------------------------------------------------
|   |   | 38|   |   |   |   |   |   |   |   |   |11
-------------------------------------------------
|   |   | 39|   |   |   |   |   |   |   |   |   |12
-------------------------------------------------
|   |   | 40|   |   |   |   |   |   |   |   |   |13
-------------------------------------------------
|   |   | 41|   |   |   |   |   |   |   |   |   |14
-------------------------------------------------
|   |   | 42|   |   |   |   |   |   |   |   |   |15
-------------------------------------------------
|   |   | 43|   |   |   |   |   |   |   |   |   |16
-------------------------------------------------
|   |   | 44|   |   |   |   |   |   |   |   |   |17
-------------------------------------------------
Please provide the criteria for the printout in the form: 
 nodeid row column direction
   0   1   2   3   4   5   6   7   8   9  10  11
-------------------------------------------------
| 11| 12| 13| 14| 15| 16| 17| 18| 19| 20| 21| 22|0
-------------------------------------------------
|   |   |   |   |   |   |   |   |   |   |   |   |1
-------------------------------------------------
|   |   |   |   |   |   |   |   |   |   |   |   |2
-------------------------------------------------
|   |   |   |   |   |   |   |   |   |   |   |   |3
-------------------------------------------------
|   |   |   |   |   |   |   |   |   |   |   |   |4
-------------------------------------------------
|   |   |   |   |   |   |   |   |   |   |   |   |5
-------------------------------------------------
|   |   |   |   |   |   |   |   |   |   |   |   |6
-------------------------------------------------
|   |   |   |   |   |   |   |   |   |   |   |   |7
-------------------------------------------------
|   |   |   |   |   |   |   |   |   |   |   |   |8
-------------------------------------------------
|   |   |   |   |   |   |   |   |   |   |   |   |9
-------------------------------------------------
|   |   |   |   |   |   |   |   |   |   |   |   |10
-------------------------------------------------
|   |   |   |   |   |   |   |   |   |   |   |   |11
-------------------------------------------------
|   |   |   |   |   |   |   |   |   |   |   |   |12
-------------------------------------------------
|   |   |   |   |   |   |   |   |   |   |   |   |13
-------------------------------------------------
|   |   |   |   |   |   |   |   |   |   |   |   |14
-------------------------------------------------
|   |   |   |   |   |   |   |   |   |   |   |   |15
-------------------------------------------------
|   |   |   |   |   |   |   |   |   |   |   |   |16
-------------------------------------------------
|   |   |   |   |   |   |   |   |   |   |   |   |17
-------------------------------------------------
Please provide the criteria for the printout in the form: 
 nodeid row column direction
   0   1   2   3   4   5   6   7   8   9  10  11
-------------------------------------------------
|   |   |   |   |   |   |   |   |   |   |   | 39|0
-------------------------------------------------
|   |   |   |   |   |   |   |   |   |   |   | 38|1
-------------------------------------------------
|   |   |   |   |   |   |   |   |   |   |   | 37|2
-------------------------------------------------
|   |   |   |   |   |   |   |   |   |   |   | 36|3
-------------------------------------------------
|   |   |   |   |   |   |   |   |   |   |   | 35|4
-------------------------------------------------
|   |   |   |   |   |   |   |   |   |   |   | 34|5
-------------------------------------------------
|   |   |   |   |   |   |   |   |   |   |   | 33|6
-------------------------------------------------
|   |   |   |   |   |   |   |   |   |   |   | 32|7
-------------------------------------------------
|   |   |   |   |   |   |   |   |   |   |   | 31|8
-------------------------------------------------
|   |   |   |   |   |   |   |   |   |   |   | 30|9
-------------------------------------------------
|   |   |   |   |   |   |   |   |   |   |   | 29|10
-------------------------------------------------
|   |   |   |   |   |   |   |   |   |   |   | 28|11
-------------------------------------------------
|   |   |   |   |   |   |   |   |   |   |   | 27|12
-------------------------------------------------
|   |   |   |   |   |   |   |   |   |   |   | 26|13
-------------------------------------------------
|   |   |   |   |   |   |   |   |   |   |   | 25|14
-------------------------------------------------
|   |   |   |   |   |   |   |   |   |   |   | 24|15
-------------------------------------------------
|   |   |   |   |   |   |   |   |   |   |   | 23|16
-------------------------------------------------
|   |   |   |   |   |   |   |   |   |   |   | 22|17
-------------------------------------------------
Please provide the criteria for the printout in the form: 
 nodeid row column direction
   0   1   2   3   4   5   6   7   8   9  10  11
-------------------------------------------------
|   |   |   |   |   |   |   |   |   |   |   |   |0
-------------------------------------------------
|   |   |   |   |   |   |   |   |   |   |   |   |1
-------------------------------------------------
|   |   |   |   |   |   |   |   |   |   |   |   |2
-------------------------------------------------
|   |   |   |   |   |   |   |   |   |   |   |   |3
-------------------------------------------------
|   |   |   |   |   |   |   |   |   |   |   |   |4
-------------------------------------------------
|   |   |   |   |   |   |   |   |   |   |   |   |5
-------------------------------------------------
|   |   |   |   |   |   |   |   |   |   |   |   |6
-------------------------------------------------
|   |   |   |   |   |   |   |   |   |   |   |   |7
-------------------------------------------------
|   |   |   |   |   |   |   |   |   |   |   |   |8
-------------------------------------------------
|   |   |   |   |   |   |   |   |   |   |   |   |9
-------------------------------------------------
|   |   |   |   |   |   |   |   |   |   |   |   |10
-------------------------------------------------
|   |   |   |   |   |   |   |   |   |   |   |   |11
-------------------------------------------------
|   |   |   |   |   |   |   |   |   |   |   |   |12
-------------------------------------------------
|   |   |   |   |   |   |   |   |   |   |   |   |13
-------------------------------------------------
|   |   |   |   |   |   |   |   |   |   |   |   |14
-------------------------------------------------
|   |   |   |   |   |   |   |   |   |   |   |   |15
-------------------------------------------------
|   |   |   |   |   |   |   |   |   |   |   |   |16
-------------------------------------------------
|   | 33| 34| 35| 36| 37| 38| 39| 40| 41| 42| 43|17
-------------------------------------------------
Please provide the criteria for the printout in the form: 
 nodeid row column direction
   0   1   2   3   4   5   6   7   8   9  10  11
-------------------------------------------------
|   |   |   |   |   |   |   |   |   |   |   | 44|0
-------------------------------------------------
|   |   |   |   |   |   |   |   |   |   |   | 45|1
-------------------------------------------------
|   |   |   |   |   |   |   |   |   |   |   | 46|2
-------------------------------------------------
|   |   |   |   |   |   |   |   |   |   |   | 47|3
-------------------------------------------------
|   |   |   |   |   |   |   |   |   |   |   | 48|4
-------------------------------------------------
|   |   |   |   |   |   |   |   |   |   |   | 49|5
-------------------------------------------------
|   |   |   |   |   |   |   |   |   |   |   | 50|6
-------------------------------------------------
|   |   |   |   |   |   |   |   |   |   |   | 51|7
-------------------------------------------------
|   |   |   |   |   |   |   |   |   |   |   | 52|8
-------------------------------------------------
|   |   |   |   |   |   |   |   |   |   |   | 53|9
-------------------------------------------------
|   |   |   |   |   |   |   |   |   |   |   | 54|10
-------------------------------------------------
|   |   |   |   |   |   |   |   |   |   |   | 55|11
-------------------------------------------------
|   |   |   |   |   |   |   |   |   |   |   | 56|12
-------------------------------------------------
|   |   |   |   |   |   |   |   |   |   |   | 57|13
-------------------------------------------------
|   |   |   |   |   |   |   |   |   |   |   | 58|14
-------------------------------------------------
|   |   |   |   |   |   |   |   |   |   |   | 59|15
-------------------------------------------------
|   |   |   |   |   |   |   |   |   |   |   | 60|16
-------------------------------------------------
|   |   |   |   |   |   |   |   |   |   |   | 61|17
-------------------------------------------------
